2023-09-19 19:25:59 info: =================================
2023-09-19 19:25:59 info: ======= ENV: development =======
2023-09-19 19:25:59 info: 🚀 App listening on the port 5001
2023-09-19 19:25:59 info: =================================
2023-09-19 19:26:39 info: =================================
2023-09-19 19:26:39 info: ======= ENV: development =======
2023-09-19 19:26:39 info: 🚀 App listening on the port 5001
2023-09-19 19:26:39 info: =================================
2023-09-19 19:26:51 info: =================================
2023-09-19 19:26:51 info: ======= ENV: development =======
2023-09-19 19:26:51 info: 🚀 App listening on the port 5001
2023-09-19 19:26:51 info: =================================
2023-09-19 19:26:55 info: =================================
2023-09-19 19:26:55 info: ======= ENV: development =======
2023-09-19 19:26:55 info: 🚀 App listening on the port 5001
2023-09-19 19:26:55 info: =================================
2023-09-19 19:26:57 info: =================================
2023-09-19 19:26:57 info: ======= ENV: development =======
2023-09-19 19:26:57 info: 🚀 App listening on the port 5001
2023-09-19 19:26:57 info: =================================
2023-09-19 19:33:50 info: =================================
2023-09-19 19:33:50 info: ======= ENV: development =======
2023-09-19 19:33:50 info: 🚀 App listening on the port 5001
2023-09-19 19:33:50 info: =================================
2023-09-19 19:34:08 info: =================================
2023-09-19 19:34:08 info: ======= ENV: development =======
2023-09-19 19:34:08 info: 🚀 App listening on the port 5001
2023-09-19 19:34:08 info: =================================
2023-09-19 19:34:14 info: =================================
2023-09-19 19:34:14 info: ======= ENV: development =======
2023-09-19 19:34:14 info: 🚀 App listening on the port 5001
2023-09-19 19:34:14 info: =================================
2023-09-19 19:34:43 info: =================================
2023-09-19 19:34:43 info: ======= ENV: development =======
2023-09-19 19:34:43 info: 🚀 App listening on the port 5001
2023-09-19 19:34:43 info: =================================
2023-09-19 19:34:51 info: =================================
2023-09-19 19:34:51 info: ======= ENV: development =======
2023-09-19 19:34:51 info: 🚀 App listening on the port 5001
2023-09-19 19:34:51 info: =================================
2023-09-19 19:34:55 info: =================================
2023-09-19 19:34:55 info: ======= ENV: development =======
2023-09-19 19:34:55 info: 🚀 App listening on the port 5001
2023-09-19 19:34:55 info: =================================
2023-09-19 19:34:57 info: =================================
2023-09-19 19:34:57 info: ======= ENV: development =======
2023-09-19 19:34:57 info: 🚀 App listening on the port 5001
2023-09-19 19:34:57 info: =================================
2023-09-19 19:35:01 info: =================================
2023-09-19 19:35:01 info: ======= ENV: development =======
2023-09-19 19:35:01 info: 🚀 App listening on the port 5001
2023-09-19 19:35:01 info: =================================
2023-09-19 19:35:02 info: =================================
2023-09-19 19:35:02 info: ======= ENV: development =======
2023-09-19 19:35:02 info: 🚀 App listening on the port 5001
2023-09-19 19:35:02 info: =================================
2023-09-19 19:35:06 info: =================================
2023-09-19 19:35:06 info: ======= ENV: development =======
2023-09-19 19:35:06 info: 🚀 App listening on the port 5001
2023-09-19 19:35:06 info: =================================
2023-09-19 19:35:07 info: =================================
2023-09-19 19:35:07 info: ======= ENV: development =======
2023-09-19 19:35:07 info: 🚀 App listening on the port 5001
2023-09-19 19:35:07 info: =================================
2023-09-19 19:35:10 info: =================================
2023-09-19 19:35:10 info: ======= ENV: development =======
2023-09-19 19:35:10 info: 🚀 App listening on the port 5001
2023-09-19 19:35:10 info: =================================
2023-09-19 19:35:51 info: =================================
2023-09-19 19:35:51 info: ======= ENV: development =======
2023-09-19 19:35:51 info: 🚀 App listening on the port 5001
2023-09-19 19:35:51 info: =================================
2023-09-19 19:37:34 info: =================================
2023-09-19 19:37:34 info: ======= ENV: development =======
2023-09-19 19:37:34 info: 🚀 App listening on the port 5001
2023-09-19 19:37:34 info: =================================
2023-09-19 19:37:38 info: =================================
2023-09-19 19:37:38 info: ======= ENV: development =======
2023-09-19 19:37:38 info: 🚀 App listening on the port 5001
2023-09-19 19:37:38 info: =================================
2023-09-19 19:37:49 info: =================================
2023-09-19 19:37:49 info: ======= ENV: development =======
2023-09-19 19:37:49 info: 🚀 App listening on the port 5001
2023-09-19 19:37:49 info: =================================
2023-09-19 19:37:52 info: =================================
2023-09-19 19:37:52 info: ======= ENV: development =======
2023-09-19 19:37:52 info: 🚀 App listening on the port 5001
2023-09-19 19:37:52 info: =================================
2023-09-19 19:37:57 info: =================================
2023-09-19 19:37:57 info: ======= ENV: development =======
2023-09-19 19:37:57 info: 🚀 App listening on the port 5001
2023-09-19 19:37:57 info: =================================
2023-09-19 19:38:02 info: =================================
2023-09-19 19:38:02 info: ======= ENV: development =======
2023-09-19 19:38:02 info: 🚀 App listening on the port 5001
2023-09-19 19:38:02 info: =================================
2023-09-19 19:38:44 info: =================================
2023-09-19 19:38:44 info: ======= ENV: development =======
2023-09-19 19:38:44 info: 🚀 App listening on the port 5001
2023-09-19 19:38:44 info: =================================
2023-09-19 19:38:51 info: =================================
2023-09-19 19:38:51 info: ======= ENV: development =======
2023-09-19 19:38:51 info: 🚀 App listening on the port 5001
2023-09-19 19:38:51 info: =================================
2023-09-19 19:38:58 info: =================================
2023-09-19 19:38:58 info: ======= ENV: development =======
2023-09-19 19:38:58 info: 🚀 App listening on the port 5001
2023-09-19 19:38:58 info: =================================
2023-09-19 19:39:00 info: =================================
2023-09-19 19:39:00 info: ======= ENV: development =======
2023-09-19 19:39:00 info: 🚀 App listening on the port 5001
2023-09-19 19:39:00 info: =================================
2023-09-19 19:39:15 info: =================================
2023-09-19 19:39:15 info: ======= ENV: development =======
2023-09-19 19:39:15 info: 🚀 App listening on the port 5001
2023-09-19 19:39:15 info: =================================
2023-09-19 19:39:19 info: =================================
2023-09-19 19:39:19 info: ======= ENV: development =======
2023-09-19 19:39:19 info: 🚀 App listening on the port 5001
2023-09-19 19:39:19 info: =================================
2023-09-19 19:40:16 info: =================================
2023-09-19 19:40:16 info: ======= ENV: development =======
2023-09-19 19:40:16 info: 🚀 App listening on the port 5001
2023-09-19 19:40:16 info: =================================
2023-09-19 19:40:20 info: =================================
2023-09-19 19:40:20 info: ======= ENV: development =======
2023-09-19 19:40:20 info: 🚀 App listening on the port 5001
2023-09-19 19:40:20 info: =================================
2023-09-19 19:40:24 info: =================================
2023-09-19 19:40:24 info: ======= ENV: development =======
2023-09-19 19:40:24 info: 🚀 App listening on the port 5001
2023-09-19 19:40:24 info: =================================
2023-09-19 19:40:39 info: =================================
2023-09-19 19:40:39 info: ======= ENV: development =======
2023-09-19 19:40:39 info: 🚀 App listening on the port 5001
2023-09-19 19:40:39 info: =================================
2023-09-19 19:41:14 info: =================================
2023-09-19 19:41:14 info: ======= ENV: development =======
2023-09-19 19:41:14 info: 🚀 App listening on the port 5001
2023-09-19 19:41:14 info: =================================
2023-09-19 19:41:27 info: =================================
2023-09-19 19:41:27 info: ======= ENV: development =======
2023-09-19 19:41:27 info: 🚀 App listening on the port 5001
2023-09-19 19:41:27 info: =================================
2023-09-19 19:41:36 info: =================================
2023-09-19 19:41:36 info: ======= ENV: development =======
2023-09-19 19:41:36 info: 🚀 App listening on the port 5001
2023-09-19 19:41:36 info: =================================
2023-09-19 19:41:37 info: =================================
2023-09-19 19:41:37 info: ======= ENV: development =======
2023-09-19 19:41:37 info: 🚀 App listening on the port 5001
2023-09-19 19:41:37 info: =================================
2023-09-19 19:41:45 info: =================================
2023-09-19 19:41:45 info: ======= ENV: development =======
2023-09-19 19:41:45 info: 🚀 App listening on the port 5001
2023-09-19 19:41:45 info: =================================
2023-09-19 19:41:52 info: =================================
2023-09-19 19:41:52 info: ======= ENV: development =======
2023-09-19 19:41:52 info: 🚀 App listening on the port 5001
2023-09-19 19:41:52 info: =================================
2023-09-19 19:41:55 info: =================================
2023-09-19 19:41:55 info: ======= ENV: development =======
2023-09-19 19:41:55 info: 🚀 App listening on the port 5001
2023-09-19 19:41:55 info: =================================
2023-09-19 19:42:07 info: =================================
2023-09-19 19:42:07 info: ======= ENV: development =======
2023-09-19 19:42:07 info: 🚀 App listening on the port 5001
2023-09-19 19:42:07 info: =================================
2023-09-19 19:42:08 info: =================================
2023-09-19 19:42:08 info: ======= ENV: development =======
2023-09-19 19:42:08 info: 🚀 App listening on the port 5001
2023-09-19 19:42:08 info: =================================
2023-09-19 19:42:13 info: =================================
2023-09-19 19:42:13 info: ======= ENV: development =======
2023-09-19 19:42:13 info: 🚀 App listening on the port 5001
2023-09-19 19:42:13 info: =================================
2023-09-19 19:42:14 info: =================================
2023-09-19 19:42:14 info: ======= ENV: development =======
2023-09-19 19:42:14 info: 🚀 App listening on the port 5001
2023-09-19 19:42:14 info: =================================
2023-09-19 19:42:17 info: =================================
2023-09-19 19:42:17 info: ======= ENV: development =======
2023-09-19 19:42:17 info: 🚀 App listening on the port 5001
2023-09-19 19:42:17 info: =================================
2023-09-19 19:42:22 info: =================================
2023-09-19 19:42:22 info: ======= ENV: development =======
2023-09-19 19:42:22 info: 🚀 App listening on the port 5001
2023-09-19 19:42:22 info: =================================
2023-09-19 19:42:23 info: =================================
2023-09-19 19:42:23 info: ======= ENV: development =======
2023-09-19 19:42:23 info: 🚀 App listening on the port 5001
2023-09-19 19:42:23 info: =================================
2023-09-19 19:42:26 info: =================================
2023-09-19 19:42:26 info: ======= ENV: development =======
2023-09-19 19:42:26 info: 🚀 App listening on the port 5001
2023-09-19 19:42:26 info: =================================
2023-09-19 19:42:30 info: =================================
2023-09-19 19:42:30 info: ======= ENV: development =======
2023-09-19 19:42:30 info: 🚀 App listening on the port 5001
2023-09-19 19:42:30 info: =================================
2023-09-19 19:42:33 info: =================================
2023-09-19 19:42:33 info: ======= ENV: development =======
2023-09-19 19:42:33 info: 🚀 App listening on the port 5001
2023-09-19 19:42:33 info: =================================
2023-09-19 19:42:35 info: =================================
2023-09-19 19:42:35 info: ======= ENV: development =======
2023-09-19 19:42:35 info: 🚀 App listening on the port 5001
2023-09-19 19:42:35 info: =================================
2023-09-19 19:42:39 info: =================================
2023-09-19 19:42:39 info: ======= ENV: development =======
2023-09-19 19:42:39 info: 🚀 App listening on the port 5001
2023-09-19 19:42:39 info: =================================
2023-09-19 19:42:40 info: =================================
2023-09-19 19:42:40 info: ======= ENV: development =======
2023-09-19 19:42:40 info: 🚀 App listening on the port 5001
2023-09-19 19:42:40 info: =================================
2023-09-19 19:42:43 info: =================================
2023-09-19 19:42:43 info: ======= ENV: development =======
2023-09-19 19:42:43 info: 🚀 App listening on the port 5001
2023-09-19 19:42:43 info: =================================
2023-09-19 19:42:46 info: =================================
2023-09-19 19:42:46 info: ======= ENV: development =======
2023-09-19 19:42:46 info: 🚀 App listening on the port 5001
2023-09-19 19:42:46 info: =================================
2023-09-19 19:42:48 info: =================================
2023-09-19 19:42:48 info: ======= ENV: development =======
2023-09-19 19:42:48 info: 🚀 App listening on the port 5001
2023-09-19 19:42:48 info: =================================
2023-09-19 19:42:51 info: =================================
2023-09-19 19:42:51 info: ======= ENV: development =======
2023-09-19 19:42:51 info: 🚀 App listening on the port 5001
2023-09-19 19:42:51 info: =================================
2023-09-19 19:42:55 info: =================================
2023-09-19 19:42:55 info: ======= ENV: development =======
2023-09-19 19:42:55 info: 🚀 App listening on the port 5001
2023-09-19 19:42:55 info: =================================
2023-09-19 19:42:59 info: =================================
2023-09-19 19:42:59 info: ======= ENV: development =======
2023-09-19 19:42:59 info: 🚀 App listening on the port 5001
2023-09-19 19:42:59 info: =================================
2023-09-19 19:43:02 info: =================================
2023-09-19 19:43:02 info: ======= ENV: development =======
2023-09-19 19:43:02 info: 🚀 App listening on the port 5001
2023-09-19 19:43:02 info: =================================
2023-09-19 19:43:13 info: =================================
2023-09-19 19:43:13 info: ======= ENV: development =======
2023-09-19 19:43:13 info: 🚀 App listening on the port 5001
2023-09-19 19:43:13 info: =================================
2023-09-19 19:43:16 info: =================================
2023-09-19 19:43:16 info: ======= ENV: development =======
2023-09-19 19:43:16 info: 🚀 App listening on the port 5001
2023-09-19 19:43:16 info: =================================
2023-09-19 19:43:23 info: =================================
2023-09-19 19:43:23 info: ======= ENV: development =======
2023-09-19 19:43:23 info: 🚀 App listening on the port 5001
2023-09-19 19:43:23 info: =================================
2023-09-19 19:43:36 info: =================================
2023-09-19 19:43:36 info: ======= ENV: development =======
2023-09-19 19:43:36 info: 🚀 App listening on the port 5001
2023-09-19 19:43:36 info: =================================
2023-09-19 19:46:01 info: [0mGET / [33m404[0m 8.169 ms - 139[0m
2023-09-19 19:46:07 info: [0mGET /test [33m404[0m 3.046 ms - 143[0m
2023-09-19 19:46:25 info: =================================
2023-09-19 19:46:25 info: ======= ENV: development =======
2023-09-19 19:46:25 info: 🚀 App listening on the port 5001
2023-09-19 19:46:25 info: =================================
2023-09-19 19:46:28 info: =================================
2023-09-19 19:46:28 info: ======= ENV: development =======
2023-09-19 19:46:28 info: 🚀 App listening on the port 5001
2023-09-19 19:46:28 info: =================================
2023-09-19 19:46:34 info: =================================
2023-09-19 19:46:34 info: ======= ENV: development =======
2023-09-19 19:46:34 info: 🚀 App listening on the port 5001
2023-09-19 19:46:34 info: =================================
2023-09-19 19:46:40 info: =================================
2023-09-19 19:46:40 info: ======= ENV: development =======
2023-09-19 19:46:40 info: 🚀 App listening on the port 5001
2023-09-19 19:46:40 info: =================================
2023-09-19 19:46:41 info: =================================
2023-09-19 19:46:41 info: ======= ENV: development =======
2023-09-19 19:46:41 info: 🚀 App listening on the port 5001
2023-09-19 19:46:41 info: =================================
2023-09-19 19:46:51 info: =================================
2023-09-19 19:46:51 info: ======= ENV: development =======
2023-09-19 19:46:51 info: 🚀 App listening on the port 5001
2023-09-19 19:46:51 info: =================================
2023-09-19 19:46:52 info: =================================
2023-09-19 19:46:52 info: ======= ENV: development =======
2023-09-19 19:46:52 info: 🚀 App listening on the port 5001
2023-09-19 19:46:52 info: =================================
2023-09-19 19:46:54 info: =================================
2023-09-19 19:46:54 info: ======= ENV: development =======
2023-09-19 19:46:54 info: 🚀 App listening on the port 5001
2023-09-19 19:46:54 info: =================================
2023-09-19 19:47:08 info: =================================
2023-09-19 19:47:08 info: ======= ENV: development =======
2023-09-19 19:47:08 info: 🚀 App listening on the port 5001
2023-09-19 19:47:08 info: =================================
2023-09-19 19:47:09 info: =================================
2023-09-19 19:47:09 info: ======= ENV: development =======
2023-09-19 19:47:09 info: 🚀 App listening on the port 5001
2023-09-19 19:47:09 info: =================================
2023-09-19 19:47:10 info: =================================
2023-09-19 19:47:10 info: ======= ENV: development =======
2023-09-19 19:47:10 info: 🚀 App listening on the port 5001
2023-09-19 19:47:10 info: =================================
2023-09-19 19:47:17 info: =================================
2023-09-19 19:47:17 info: ======= ENV: development =======
2023-09-19 19:47:17 info: 🚀 App listening on the port 5001
2023-09-19 19:47:17 info: =================================
2023-09-19 19:47:19 info: =================================
2023-09-19 19:47:19 info: ======= ENV: development =======
2023-09-19 19:47:19 info: 🚀 App listening on the port 5001
2023-09-19 19:47:19 info: =================================
2023-09-19 19:47:21 info: =================================
2023-09-19 19:47:21 info: ======= ENV: development =======
2023-09-19 19:47:21 info: 🚀 App listening on the port 5001
2023-09-19 19:47:21 info: =================================
2023-09-19 19:47:23 info: [0mGET /test [33m404[0m 2.593 ms - 143[0m
2023-09-19 19:47:24 info: [0mGET /test [33m404[0m 3.022 ms - 143[0m
2023-09-19 19:47:43 info: [0mGET /test [33m404[0m 1.091 ms - 143[0m
2023-09-19 19:48:25 info: =================================
2023-09-19 19:48:25 info: ======= ENV: development =======
2023-09-19 19:48:25 info: 🚀 App listening on the port 5001
2023-09-19 19:48:25 info: =================================
2023-09-19 19:48:36 info: =================================
2023-09-19 19:48:36 info: ======= ENV: development =======
2023-09-19 19:48:36 info: 🚀 App listening on the port 5001
2023-09-19 19:48:36 info: =================================
2023-09-19 19:48:39 info: [0mGET /test [32m200[0m 7.978 ms - 26[0m
2023-09-19 19:48:53 info: =================================
2023-09-19 19:48:53 info: ======= ENV: development =======
2023-09-19 19:48:53 info: 🚀 App listening on the port 5001
2023-09-19 19:48:53 info: =================================
2023-09-19 19:48:57 info: =================================
2023-09-19 19:48:57 info: ======= ENV: development =======
2023-09-19 19:48:57 info: 🚀 App listening on the port 5001
2023-09-19 19:48:57 info: =================================
2023-09-19 19:49:22 info: =================================
2023-09-19 19:49:22 info: ======= ENV: development =======
2023-09-19 19:49:22 info: 🚀 App listening on the port 5001
2023-09-19 19:49:22 info: =================================
2023-09-19 19:49:25 info: [0mGET /test [32m200[0m 7.597 ms - 56[0m
2023-09-19 19:49:48 info: =================================
2023-09-19 19:49:48 info: ======= ENV: development =======
2023-09-19 19:49:48 info: 🚀 App listening on the port 5001
2023-09-19 19:49:48 info: =================================
2023-09-19 19:49:59 info: =================================
2023-09-19 19:49:59 info: ======= ENV: development =======
2023-09-19 19:49:59 info: 🚀 App listening on the port 5001
2023-09-19 19:49:59 info: =================================
2023-09-19 19:50:09 info: =================================
2023-09-19 19:50:09 info: ======= ENV: development =======
2023-09-19 19:50:09 info: 🚀 App listening on the port 5001
2023-09-19 19:50:09 info: =================================
2023-09-19 19:50:11 info: =================================
2023-09-19 19:50:11 info: ======= ENV: development =======
2023-09-19 19:50:11 info: 🚀 App listening on the port 5001
2023-09-19 19:50:11 info: =================================
2023-09-19 19:50:14 info: =================================
2023-09-19 19:50:14 info: ======= ENV: development =======
2023-09-19 19:50:14 info: 🚀 App listening on the port 5001
2023-09-19 19:50:14 info: =================================
2023-09-19 19:50:16 info: =================================
2023-09-19 19:50:16 info: ======= ENV: development =======
2023-09-19 19:50:16 info: 🚀 App listening on the port 5001
2023-09-19 19:50:16 info: =================================
2023-09-19 19:50:23 info: =================================
2023-09-19 19:50:23 info: ======= ENV: development =======
2023-09-19 19:50:23 info: 🚀 App listening on the port 5001
2023-09-19 19:50:23 info: =================================
2023-09-19 19:50:26 info: =================================
2023-09-19 19:50:26 info: ======= ENV: development =======
2023-09-19 19:50:26 info: 🚀 App listening on the port 5001
2023-09-19 19:50:26 info: =================================
2023-09-19 19:50:30 info: =================================
2023-09-19 19:50:30 info: ======= ENV: development =======
2023-09-19 19:50:30 info: 🚀 App listening on the port 5001
2023-09-19 19:50:30 info: =================================
2023-09-19 19:50:34 info: =================================
2023-09-19 19:50:34 info: ======= ENV: development =======
2023-09-19 19:50:34 info: 🚀 App listening on the port 5001
2023-09-19 19:50:34 info: =================================
2023-09-19 19:50:37 info: =================================
2023-09-19 19:50:37 info: ======= ENV: development =======
2023-09-19 19:50:37 info: 🚀 App listening on the port 5001
2023-09-19 19:50:37 info: =================================
2023-09-19 19:50:42 info: =================================
2023-09-19 19:50:42 info: ======= ENV: development =======
2023-09-19 19:50:42 info: 🚀 App listening on the port 5001
2023-09-19 19:50:42 info: =================================
2023-09-19 19:50:43 info: =================================
2023-09-19 19:50:43 info: ======= ENV: development =======
2023-09-19 19:50:43 info: 🚀 App listening on the port 5001
2023-09-19 19:50:43 info: =================================
2023-09-19 19:50:44 info: =================================
2023-09-19 19:50:44 info: ======= ENV: development =======
2023-09-19 19:50:44 info: 🚀 App listening on the port 5001
2023-09-19 19:50:44 info: =================================
2023-09-19 19:50:48 info: =================================
2023-09-19 19:50:48 info: ======= ENV: development =======
2023-09-19 19:50:48 info: 🚀 App listening on the port 5001
2023-09-19 19:50:48 info: =================================
2023-09-19 19:50:51 info: =================================
2023-09-19 19:50:51 info: ======= ENV: development =======
2023-09-19 19:50:51 info: 🚀 App listening on the port 5001
2023-09-19 19:50:51 info: =================================
2023-09-19 19:50:55 info: =================================
2023-09-19 19:50:55 info: ======= ENV: development =======
2023-09-19 19:50:55 info: 🚀 App listening on the port 5001
2023-09-19 19:50:55 info: =================================
2023-09-19 19:51:00 info: =================================
2023-09-19 19:51:00 info: ======= ENV: development =======
2023-09-19 19:51:00 info: 🚀 App listening on the port 5001
2023-09-19 19:51:00 info: =================================
2023-09-19 19:51:03 info: =================================
2023-09-19 19:51:03 info: ======= ENV: development =======
2023-09-19 19:51:03 info: 🚀 App listening on the port 5001
2023-09-19 19:51:03 info: =================================
2023-09-19 19:51:07 info: =================================
2023-09-19 19:51:07 info: ======= ENV: development =======
2023-09-19 19:51:07 info: 🚀 App listening on the port 5001
2023-09-19 19:51:07 info: =================================
2023-09-19 19:51:08 info: =================================
2023-09-19 19:51:08 info: ======= ENV: development =======
2023-09-19 19:51:08 info: 🚀 App listening on the port 5001
2023-09-19 19:51:08 info: =================================
2023-09-19 19:51:13 info: =================================
2023-09-19 19:51:13 info: ======= ENV: development =======
2023-09-19 19:51:13 info: 🚀 App listening on the port 5001
2023-09-19 19:51:13 info: =================================
2023-09-19 19:51:15 info: =================================
2023-09-19 19:51:15 info: ======= ENV: development =======
2023-09-19 19:51:15 info: 🚀 App listening on the port 5001
2023-09-19 19:51:15 info: =================================
2023-09-19 19:51:18 info: =================================
2023-09-19 19:51:18 info: ======= ENV: development =======
2023-09-19 19:51:18 info: 🚀 App listening on the port 5001
2023-09-19 19:51:18 info: =================================
2023-09-19 19:51:21 info: =================================
2023-09-19 19:51:21 info: ======= ENV: development =======
2023-09-19 19:51:21 info: 🚀 App listening on the port 5001
2023-09-19 19:51:21 info: =================================
2023-09-19 19:51:25 info: =================================
2023-09-19 19:51:25 info: ======= ENV: development =======
2023-09-19 19:51:25 info: 🚀 App listening on the port 5001
2023-09-19 19:51:25 info: =================================
2023-09-19 19:51:27 info: =================================
2023-09-19 19:51:27 info: ======= ENV: development =======
2023-09-19 19:51:27 info: 🚀 App listening on the port 5001
2023-09-19 19:51:27 info: =================================
2023-09-19 19:51:29 info: =================================
2023-09-19 19:51:29 info: ======= ENV: development =======
2023-09-19 19:51:29 info: 🚀 App listening on the port 5001
2023-09-19 19:51:29 info: =================================
2023-09-19 19:51:31 info: =================================
2023-09-19 19:51:31 info: ======= ENV: development =======
2023-09-19 19:51:31 info: 🚀 App listening on the port 5001
2023-09-19 19:51:31 info: =================================
2023-09-19 19:51:32 info: =================================
2023-09-19 19:51:32 info: ======= ENV: development =======
2023-09-19 19:51:32 info: 🚀 App listening on the port 5001
2023-09-19 19:51:32 info: =================================
2023-09-19 19:51:39 info: =================================
2023-09-19 19:51:39 info: ======= ENV: development =======
2023-09-19 19:51:39 info: 🚀 App listening on the port 5001
2023-09-19 19:51:39 info: =================================
2023-09-19 19:51:41 info: =================================
2023-09-19 19:51:41 info: ======= ENV: development =======
2023-09-19 19:51:41 info: 🚀 App listening on the port 5001
2023-09-19 19:51:41 info: =================================
2023-09-19 19:51:47 info: =================================
2023-09-19 19:51:47 info: ======= ENV: development =======
2023-09-19 19:51:47 info: 🚀 App listening on the port 5001
2023-09-19 19:51:47 info: =================================
2023-09-19 19:52:02 info: =================================
2023-09-19 19:52:02 info: ======= ENV: development =======
2023-09-19 19:52:02 info: 🚀 App listening on the port 5001
2023-09-19 19:52:02 info: =================================
2023-09-19 19:52:03 info: =================================
2023-09-19 19:52:03 info: ======= ENV: development =======
2023-09-19 19:52:03 info: 🚀 App listening on the port 5001
2023-09-19 19:52:03 info: =================================
2023-09-19 19:52:06 info: =================================
2023-09-19 19:52:06 info: ======= ENV: development =======
2023-09-19 19:52:06 info: 🚀 App listening on the port 5001
2023-09-19 19:52:06 info: =================================
2023-09-19 19:52:20 info: =================================
2023-09-19 19:52:20 info: ======= ENV: development =======
2023-09-19 19:52:20 info: 🚀 App listening on the port 5001
2023-09-19 19:52:20 info: =================================
2023-09-19 19:52:23 info: =================================
2023-09-19 19:52:23 info: ======= ENV: development =======
2023-09-19 19:52:23 info: 🚀 App listening on the port 5001
2023-09-19 19:52:23 info: =================================
2023-09-19 19:52:27 info: =================================
2023-09-19 19:52:27 info: ======= ENV: development =======
2023-09-19 19:52:27 info: 🚀 App listening on the port 5001
2023-09-19 19:52:27 info: =================================
2023-09-19 19:52:29 info: =================================
2023-09-19 19:52:29 info: ======= ENV: development =======
2023-09-19 19:52:29 info: 🚀 App listening on the port 5001
2023-09-19 19:52:29 info: =================================
2023-09-19 19:52:31 info: =================================
2023-09-19 19:52:31 info: ======= ENV: development =======
2023-09-19 19:52:31 info: 🚀 App listening on the port 5001
2023-09-19 19:52:31 info: =================================
2023-09-19 19:52:32 info: =================================
2023-09-19 19:52:32 info: ======= ENV: development =======
2023-09-19 19:52:32 info: 🚀 App listening on the port 5001
2023-09-19 19:52:32 info: =================================
2023-09-19 19:52:48 info: =================================
2023-09-19 19:52:48 info: ======= ENV: development =======
2023-09-19 19:52:48 info: 🚀 App listening on the port 5001
2023-09-19 19:52:48 info: =================================
2023-09-19 19:53:04 info: =================================
2023-09-19 19:53:04 info: ======= ENV: development =======
2023-09-19 19:53:04 info: 🚀 App listening on the port 5001
2023-09-19 19:53:04 info: =================================
2023-09-19 19:53:06 info: =================================
2023-09-19 19:53:06 info: ======= ENV: development =======
2023-09-19 19:53:06 info: 🚀 App listening on the port 5001
2023-09-19 19:53:06 info: =================================
2023-09-19 19:53:08 info: =================================
2023-09-19 19:53:08 info: ======= ENV: development =======
2023-09-19 19:53:08 info: 🚀 App listening on the port 5001
2023-09-19 19:53:08 info: =================================
2023-09-19 19:53:10 info: =================================
2023-09-19 19:53:10 info: ======= ENV: development =======
2023-09-19 19:53:10 info: 🚀 App listening on the port 5001
2023-09-19 19:53:10 info: =================================
2023-09-19 19:53:17 info: =================================
2023-09-19 19:53:17 info: ======= ENV: development =======
2023-09-19 19:53:17 info: 🚀 App listening on the port 5001
2023-09-19 19:53:17 info: =================================
2023-09-19 19:53:21 info: =================================
2023-09-19 19:53:21 info: ======= ENV: development =======
2023-09-19 19:53:21 info: 🚀 App listening on the port 5001
2023-09-19 19:53:21 info: =================================
2023-09-19 19:53:24 info: =================================
2023-09-19 19:53:24 info: ======= ENV: development =======
2023-09-19 19:53:24 info: 🚀 App listening on the port 5001
2023-09-19 19:53:24 info: =================================
2023-09-19 19:53:27 info: =================================
2023-09-19 19:53:27 info: ======= ENV: development =======
2023-09-19 19:53:27 info: 🚀 App listening on the port 5001
2023-09-19 19:53:27 info: =================================
2023-09-19 19:53:28 info: =================================
2023-09-19 19:53:28 info: ======= ENV: development =======
2023-09-19 19:53:28 info: 🚀 App listening on the port 5001
2023-09-19 19:53:28 info: =================================
2023-09-19 19:53:37 info: =================================
2023-09-19 19:53:37 info: ======= ENV: development =======
2023-09-19 19:53:37 info: 🚀 App listening on the port 5001
2023-09-19 19:53:37 info: =================================
2023-09-19 19:53:38 info: =================================
2023-09-19 19:53:38 info: ======= ENV: development =======
2023-09-19 19:53:38 info: 🚀 App listening on the port 5001
2023-09-19 19:53:38 info: =================================
2023-09-19 19:53:40 info: =================================
2023-09-19 19:53:40 info: ======= ENV: development =======
2023-09-19 19:53:40 info: 🚀 App listening on the port 5001
2023-09-19 19:53:40 info: =================================
2023-09-19 19:53:44 info: =================================
2023-09-19 19:53:44 info: ======= ENV: development =======
2023-09-19 19:53:44 info: 🚀 App listening on the port 5001
2023-09-19 19:53:44 info: =================================
2023-09-19 19:53:49 info: =================================
2023-09-19 19:53:49 info: ======= ENV: development =======
2023-09-19 19:53:49 info: 🚀 App listening on the port 5001
2023-09-19 19:53:49 info: =================================
2023-09-19 19:53:53 info: =================================
2023-09-19 19:53:53 info: ======= ENV: development =======
2023-09-19 19:53:53 info: 🚀 App listening on the port 5001
2023-09-19 19:53:53 info: =================================
2023-09-19 19:53:56 info: =================================
2023-09-19 19:53:56 info: ======= ENV: development =======
2023-09-19 19:53:56 info: 🚀 App listening on the port 5001
2023-09-19 19:53:56 info: =================================
2023-09-19 19:53:57 info: =================================
2023-09-19 19:53:57 info: ======= ENV: development =======
2023-09-19 19:53:57 info: 🚀 App listening on the port 5001
2023-09-19 19:53:57 info: =================================
2023-09-19 19:54:04 info: =================================
2023-09-19 19:54:04 info: ======= ENV: development =======
2023-09-19 19:54:04 info: 🚀 App listening on the port 5001
2023-09-19 19:54:04 info: =================================
2023-09-19 19:54:08 info: =================================
2023-09-19 19:54:08 info: ======= ENV: development =======
2023-09-19 19:54:08 info: 🚀 App listening on the port 5001
2023-09-19 19:54:08 info: =================================
2023-09-19 19:54:15 info: =================================
2023-09-19 19:54:15 info: ======= ENV: development =======
2023-09-19 19:54:15 info: 🚀 App listening on the port 5001
2023-09-19 19:54:15 info: =================================
2023-09-19 19:54:16 info: =================================
2023-09-19 19:54:16 info: ======= ENV: development =======
2023-09-19 19:54:16 info: 🚀 App listening on the port 5001
2023-09-19 19:54:16 info: =================================
2023-09-19 19:54:26 info: =================================
2023-09-19 19:54:26 info: ======= ENV: development =======
2023-09-19 19:54:26 info: 🚀 App listening on the port 5001
2023-09-19 19:54:26 info: =================================
2023-09-19 19:54:28 info: =================================
2023-09-19 19:54:28 info: ======= ENV: development =======
2023-09-19 19:54:28 info: 🚀 App listening on the port 5001
2023-09-19 19:54:28 info: =================================
2023-09-19 19:54:39 info: =================================
2023-09-19 19:54:39 info: ======= ENV: development =======
2023-09-19 19:54:39 info: 🚀 App listening on the port 5001
2023-09-19 19:54:39 info: =================================
2023-09-19 19:54:41 info: =================================
2023-09-19 19:54:41 info: ======= ENV: development =======
2023-09-19 19:54:41 info: 🚀 App listening on the port 5001
2023-09-19 19:54:41 info: =================================
2023-09-19 19:54:44 info: =================================
2023-09-19 19:54:44 info: ======= ENV: development =======
2023-09-19 19:54:44 info: 🚀 App listening on the port 5001
2023-09-19 19:54:44 info: =================================
2023-09-19 19:54:53 info: =================================
2023-09-19 19:54:53 info: ======= ENV: development =======
2023-09-19 19:54:53 info: 🚀 App listening on the port 5001
2023-09-19 19:54:53 info: =================================
2023-09-19 19:54:56 info: =================================
2023-09-19 19:54:56 info: ======= ENV: development =======
2023-09-19 19:54:56 info: 🚀 App listening on the port 5001
2023-09-19 19:54:56 info: =================================
2023-09-19 19:55:02 info: =================================
2023-09-19 19:55:02 info: ======= ENV: development =======
2023-09-19 19:55:02 info: 🚀 App listening on the port 5001
2023-09-19 19:55:02 info: =================================
2023-09-19 19:55:04 info: =================================
2023-09-19 19:55:04 info: ======= ENV: development =======
2023-09-19 19:55:04 info: 🚀 App listening on the port 5001
2023-09-19 19:55:04 info: =================================
2023-09-19 19:55:12 info: =================================
2023-09-19 19:55:12 info: ======= ENV: development =======
2023-09-19 19:55:12 info: 🚀 App listening on the port 5001
2023-09-19 19:55:12 info: =================================
2023-09-19 19:55:15 info: =================================
2023-09-19 19:55:15 info: ======= ENV: development =======
2023-09-19 19:55:15 info: 🚀 App listening on the port 5001
2023-09-19 19:55:15 info: =================================
2023-09-19 19:55:16 info: =================================
2023-09-19 19:55:16 info: ======= ENV: development =======
2023-09-19 19:55:16 info: 🚀 App listening on the port 5001
2023-09-19 19:55:16 info: =================================
2023-09-19 19:55:22 info: =================================
2023-09-19 19:55:22 info: ======= ENV: development =======
2023-09-19 19:55:22 info: 🚀 App listening on the port 5001
2023-09-19 19:55:22 info: =================================
2023-09-19 19:55:28 info: =================================
2023-09-19 19:55:28 info: ======= ENV: development =======
2023-09-19 19:55:28 info: 🚀 App listening on the port 5001
2023-09-19 19:55:28 info: =================================
2023-09-19 19:55:29 info: =================================
2023-09-19 19:55:29 info: ======= ENV: development =======
2023-09-19 19:55:29 info: 🚀 App listening on the port 5001
2023-09-19 19:55:29 info: =================================
2023-09-19 19:55:35 info: =================================
2023-09-19 19:55:35 info: ======= ENV: development =======
2023-09-19 19:55:35 info: 🚀 App listening on the port 5001
2023-09-19 19:55:35 info: =================================
2023-09-19 19:55:41 info: =================================
2023-09-19 19:55:41 info: ======= ENV: development =======
2023-09-19 19:55:41 info: 🚀 App listening on the port 5001
2023-09-19 19:55:41 info: =================================
2023-09-19 19:56:06 info: =================================
2023-09-19 19:56:06 info: ======= ENV: development =======
2023-09-19 19:56:06 info: 🚀 App listening on the port 5001
2023-09-19 19:56:06 info: =================================
2023-09-19 19:56:10 info: =================================
2023-09-19 19:56:10 info: ======= ENV: development =======
2023-09-19 19:56:10 info: 🚀 App listening on the port 5001
2023-09-19 19:56:10 info: =================================
2023-09-19 19:56:12 info: =================================
2023-09-19 19:56:12 info: ======= ENV: development =======
2023-09-19 19:56:12 info: 🚀 App listening on the port 5001
2023-09-19 19:56:12 info: =================================
2023-09-19 19:56:16 info: =================================
2023-09-19 19:56:16 info: ======= ENV: development =======
2023-09-19 19:56:16 info: 🚀 App listening on the port 5001
2023-09-19 19:56:16 info: =================================
2023-09-19 19:56:26 info: =================================
2023-09-19 19:56:26 info: ======= ENV: development =======
2023-09-19 19:56:26 info: 🚀 App listening on the port 5001
2023-09-19 19:56:26 info: =================================
2023-09-19 19:56:31 info: =================================
2023-09-19 19:56:31 info: ======= ENV: development =======
2023-09-19 19:56:31 info: 🚀 App listening on the port 5001
2023-09-19 19:56:31 info: =================================
2023-09-19 19:56:35 info: =================================
2023-09-19 19:56:35 info: ======= ENV: development =======
2023-09-19 19:56:35 info: 🚀 App listening on the port 5001
2023-09-19 19:56:35 info: =================================
2023-09-19 19:56:40 info: =================================
2023-09-19 19:56:40 info: ======= ENV: development =======
2023-09-19 19:56:40 info: 🚀 App listening on the port 5001
2023-09-19 19:56:40 info: =================================
2023-09-19 19:56:41 info: =================================
2023-09-19 19:56:41 info: ======= ENV: development =======
2023-09-19 19:56:41 info: 🚀 App listening on the port 5001
2023-09-19 19:56:41 info: =================================
2023-09-19 19:56:45 info: =================================
2023-09-19 19:56:45 info: ======= ENV: development =======
2023-09-19 19:56:45 info: 🚀 App listening on the port 5001
2023-09-19 19:56:45 info: =================================
2023-09-19 19:56:51 info: =================================
2023-09-19 19:56:51 info: ======= ENV: development =======
2023-09-19 19:56:51 info: 🚀 App listening on the port 5001
2023-09-19 19:56:51 info: =================================
2023-09-19 19:56:54 info: =================================
2023-09-19 19:56:54 info: ======= ENV: development =======
2023-09-19 19:56:54 info: 🚀 App listening on the port 5001
2023-09-19 19:56:54 info: =================================
2023-09-19 19:57:02 info: =================================
2023-09-19 19:57:02 info: ======= ENV: development =======
2023-09-19 19:57:02 info: 🚀 App listening on the port 5001
2023-09-19 19:57:02 info: =================================
2023-09-19 19:57:05 info: =================================
2023-09-19 19:57:05 info: ======= ENV: development =======
2023-09-19 19:57:05 info: 🚀 App listening on the port 5001
2023-09-19 19:57:05 info: =================================
2023-09-19 19:57:49 info: =================================
2023-09-19 19:57:49 info: ======= ENV: development =======
2023-09-19 19:57:49 info: 🚀 App listening on the port 5001
2023-09-19 19:57:49 info: =================================
2023-09-19 19:57:51 info: =================================
2023-09-19 19:57:51 info: ======= ENV: development =======
2023-09-19 19:57:51 info: 🚀 App listening on the port 5001
2023-09-19 19:57:51 info: =================================
2023-09-19 19:57:56 info: =================================
2023-09-19 19:57:56 info: ======= ENV: development =======
2023-09-19 19:57:56 info: 🚀 App listening on the port 5001
2023-09-19 19:57:56 info: =================================
2023-09-19 19:57:56 info: =================================
2023-09-19 19:57:56 info: ======= ENV: development =======
2023-09-19 19:57:56 info: 🚀 App listening on the port 5001
2023-09-19 19:57:56 info: =================================
2023-09-19 19:58:01 info: =================================
2023-09-19 19:58:01 info: ======= ENV: development =======
2023-09-19 19:58:01 info: 🚀 App listening on the port 5001
2023-09-19 19:58:01 info: =================================
2023-09-19 19:58:04 info: =================================
2023-09-19 19:58:04 info: ======= ENV: development =======
2023-09-19 19:58:04 info: 🚀 App listening on the port 5001
2023-09-19 19:58:04 info: =================================
2023-09-19 19:59:30 info: =================================
2023-09-19 19:59:30 info: ======= ENV: development =======
2023-09-19 19:59:30 info: 🚀 App listening on the port 5001
2023-09-19 19:59:30 info: =================================
2023-09-19 19:59:43 info: =================================
2023-09-19 19:59:43 info: ======= ENV: development =======
2023-09-19 19:59:43 info: 🚀 App listening on the port 5001
2023-09-19 19:59:43 info: =================================
2023-09-19 19:59:45 info: =================================
2023-09-19 19:59:45 info: ======= ENV: development =======
2023-09-19 19:59:45 info: 🚀 App listening on the port 5001
2023-09-19 19:59:45 info: =================================
2023-09-19 19:59:52 info: =================================
2023-09-19 19:59:52 info: ======= ENV: development =======
2023-09-19 19:59:52 info: 🚀 App listening on the port 5001
2023-09-19 19:59:52 info: =================================
2023-09-19 19:59:56 info: =================================
2023-09-19 19:59:56 info: ======= ENV: development =======
2023-09-19 19:59:56 info: 🚀 App listening on the port 5001
2023-09-19 19:59:56 info: =================================
2023-09-19 19:59:58 info: =================================
2023-09-19 19:59:58 info: ======= ENV: development =======
2023-09-19 19:59:58 info: 🚀 App listening on the port 5001
2023-09-19 19:59:58 info: =================================
2023-09-19 20:00:00 info: =================================
2023-09-19 20:00:00 info: ======= ENV: development =======
2023-09-19 20:00:00 info: 🚀 App listening on the port 5001
2023-09-19 20:00:00 info: =================================
2023-09-19 20:00:09 info: =================================
2023-09-19 20:00:09 info: ======= ENV: development =======
2023-09-19 20:00:09 info: 🚀 App listening on the port 5001
2023-09-19 20:00:09 info: =================================
2023-09-19 20:00:13 info: =================================
2023-09-19 20:00:13 info: ======= ENV: development =======
2023-09-19 20:00:13 info: 🚀 App listening on the port 5001
2023-09-19 20:00:13 info: =================================
2023-09-19 20:00:17 info: =================================
2023-09-19 20:00:17 info: ======= ENV: development =======
2023-09-19 20:00:17 info: 🚀 App listening on the port 5001
2023-09-19 20:00:17 info: =================================
2023-09-19 20:00:20 info: =================================
2023-09-19 20:00:20 info: ======= ENV: development =======
2023-09-19 20:00:20 info: 🚀 App listening on the port 5001
2023-09-19 20:00:20 info: =================================
2023-09-19 20:00:22 info: =================================
2023-09-19 20:00:22 info: ======= ENV: development =======
2023-09-19 20:00:22 info: 🚀 App listening on the port 5001
2023-09-19 20:00:22 info: =================================
2023-09-19 20:00:24 info: =================================
2023-09-19 20:00:24 info: ======= ENV: development =======
2023-09-19 20:00:24 info: 🚀 App listening on the port 5001
2023-09-19 20:00:24 info: =================================
2023-09-19 20:00:28 info: =================================
2023-09-19 20:00:28 info: ======= ENV: development =======
2023-09-19 20:00:28 info: 🚀 App listening on the port 5001
2023-09-19 20:00:28 info: =================================
2023-09-19 20:00:39 info: =================================
2023-09-19 20:00:39 info: ======= ENV: development =======
2023-09-19 20:00:39 info: 🚀 App listening on the port 5001
2023-09-19 20:00:39 info: =================================
2023-09-19 20:04:54 info: =================================
2023-09-19 20:04:54 info: ======= ENV: development =======
2023-09-19 20:04:54 info: 🚀 App listening on the port 5001
2023-09-19 20:04:54 info: =================================
2023-09-19 20:04:55 info: =================================
2023-09-19 20:04:55 info: ======= ENV: development =======
2023-09-19 20:04:55 info: 🚀 App listening on the port 5001
2023-09-19 20:04:55 info: =================================
2023-09-19 20:04:57 info: =================================
2023-09-19 20:04:57 info: ======= ENV: development =======
2023-09-19 20:04:57 info: 🚀 App listening on the port 5001
2023-09-19 20:04:57 info: =================================
2023-09-19 20:05:12 info: =================================
2023-09-19 20:05:12 info: ======= ENV: development =======
2023-09-19 20:05:12 info: 🚀 App listening on the port 5001
2023-09-19 20:05:12 info: =================================
2023-09-19 20:05:15 info: =================================
2023-09-19 20:05:15 info: ======= ENV: development =======
2023-09-19 20:05:15 info: 🚀 App listening on the port 5001
2023-09-19 20:05:15 info: =================================
2023-09-19 20:05:59 info: [0mPOST /price/get [32m200[0m 742.509 ms - -[0m
2023-09-19 20:07:15 info: =================================
2023-09-19 20:07:15 info: ======= ENV: development =======
2023-09-19 20:07:15 info: 🚀 App listening on the port 5001
2023-09-19 20:07:15 info: =================================
2023-09-19 20:07:18 info: =================================
2023-09-19 20:07:18 info: ======= ENV: development =======
2023-09-19 20:07:18 info: 🚀 App listening on the port 5001
2023-09-19 20:07:18 info: =================================
2023-09-19 20:07:34 info: =================================
2023-09-19 20:07:34 info: ======= ENV: development =======
2023-09-19 20:07:34 info: 🚀 App listening on the port 5001
2023-09-19 20:07:34 info: =================================
2023-09-19 20:07:36 info: =================================
2023-09-19 20:07:36 info: ======= ENV: development =======
2023-09-19 20:07:36 info: 🚀 App listening on the port 5001
2023-09-19 20:07:36 info: =================================
2023-09-19 20:07:39 info: =================================
2023-09-19 20:07:39 info: ======= ENV: development =======
2023-09-19 20:07:39 info: 🚀 App listening on the port 5001
2023-09-19 20:07:39 info: =================================
2023-09-19 20:07:42 info: =================================
2023-09-19 20:07:42 info: ======= ENV: development =======
2023-09-19 20:07:42 info: 🚀 App listening on the port 5001
2023-09-19 20:07:42 info: =================================
2023-09-19 20:07:47 info: =================================
2023-09-19 20:07:47 info: ======= ENV: development =======
2023-09-19 20:07:47 info: 🚀 App listening on the port 5001
2023-09-19 20:07:47 info: =================================
2023-09-19 20:07:49 info: =================================
2023-09-19 20:07:49 info: ======= ENV: development =======
2023-09-19 20:07:49 info: 🚀 App listening on the port 5001
2023-09-19 20:07:49 info: =================================
2023-09-19 20:07:52 info: =================================
2023-09-19 20:07:52 info: ======= ENV: development =======
2023-09-19 20:07:52 info: 🚀 App listening on the port 5001
2023-09-19 20:07:52 info: =================================
2023-09-19 20:07:55 info: =================================
2023-09-19 20:07:55 info: ======= ENV: development =======
2023-09-19 20:07:55 info: 🚀 App listening on the port 5001
2023-09-19 20:07:55 info: =================================
2023-09-19 20:07:57 info: =================================
2023-09-19 20:07:57 info: ======= ENV: development =======
2023-09-19 20:07:57 info: 🚀 App listening on the port 5001
2023-09-19 20:07:57 info: =================================
2023-09-19 20:07:59 info: =================================
2023-09-19 20:07:59 info: ======= ENV: development =======
2023-09-19 20:07:59 info: 🚀 App listening on the port 5001
2023-09-19 20:07:59 info: =================================
2023-09-19 20:08:01 info: =================================
2023-09-19 20:08:01 info: ======= ENV: development =======
2023-09-19 20:08:01 info: 🚀 App listening on the port 5001
2023-09-19 20:08:01 info: =================================
2023-09-19 20:08:05 info: =================================
2023-09-19 20:08:05 info: ======= ENV: development =======
2023-09-19 20:08:05 info: 🚀 App listening on the port 5001
2023-09-19 20:08:05 info: =================================
2023-09-19 20:08:13 info: =================================
2023-09-19 20:08:13 info: ======= ENV: development =======
2023-09-19 20:08:13 info: 🚀 App listening on the port 5001
2023-09-19 20:08:13 info: =================================
2023-09-19 20:08:21 info: =================================
2023-09-19 20:08:21 info: ======= ENV: development =======
2023-09-19 20:08:21 info: 🚀 App listening on the port 5001
2023-09-19 20:08:21 info: =================================
2023-09-19 20:09:43 info: =================================
2023-09-19 20:09:43 info: ======= ENV: development =======
2023-09-19 20:09:43 info: 🚀 App listening on the port 5001
2023-09-19 20:09:43 info: =================================
2023-09-19 20:25:07 info: =================================
2023-09-19 20:25:07 info: ======= ENV: development =======
2023-09-19 20:25:07 info: 🚀 App listening on the port 5001
2023-09-19 20:25:07 info: =================================
2023-09-19 20:25:55 info: [0mGET /price/get [33m404[0m 10.764 ms - 148[0m
2023-09-19 20:26:00 info: [0mPOST /price/get [32m200[0m 763.579 ms - -[0m
2023-09-19 20:27:57 info: [0mGET /signin [33m404[0m 34.665 ms - 145[0m
2023-09-19 20:28:10 error: [POST] /signup >> StatusCode:: 400, Message:: password must be longer than or equal to 9 characters
2023-09-19 20:28:10 info: [0mPOST /signup [33m400[0m 28.667 ms - 67[0m
2023-09-19 20:28:16 info: [0mPOST /signup [32m201[0m 194.606 ms - 187[0m
2023-09-19 20:29:05 info: [0mGET /login [33m404[0m 3.175 ms - 144[0m
2023-09-19 20:29:10 info: [0mPOST /login [32m200[0m 107.125 ms - 298[0m
2023-09-19 20:29:30 info: =================================
2023-09-19 20:29:30 info: ======= ENV: development =======
2023-09-19 20:29:30 info: 🚀 App listening on the port 5001
2023-09-19 20:29:30 info: =================================
2023-09-19 20:29:34 info: =================================
2023-09-19 20:29:34 info: ======= ENV: development =======
2023-09-19 20:29:34 info: 🚀 App listening on the port 5001
2023-09-19 20:29:34 info: =================================
2023-09-19 20:29:37 info: [0mPOST /login [32m200[0m 210.143 ms - 485[0m
2023-09-19 20:30:58 info: [0mGET /user/delete/1 [33m404[0m 8.232 ms - 152[0m
2023-09-19 20:31:03 info: [0mDELETE /user/delete/1 [33m404[0m 1.485 ms - 155[0m
2023-09-19 20:31:31 info: [0mDELETE /users/1 [32m200[0m 29.588 ms - 300[0m
2023-09-19 20:31:55 info: =================================
2023-09-19 20:31:55 info: ======= ENV: development =======
2023-09-19 20:31:55 info: 🚀 App listening on the port 5001
2023-09-19 20:31:55 info: =================================
2023-09-19 20:35:03 info: =================================
2023-09-19 20:35:03 info: ======= ENV: development =======
2023-09-19 20:35:03 info: 🚀 App listening on the port 5001
2023-09-19 20:35:03 info: =================================
2023-09-19 20:35:05 info: =================================
2023-09-19 20:35:05 info: ======= ENV: development =======
2023-09-19 20:35:05 info: 🚀 App listening on the port 5001
2023-09-19 20:35:05 info: =================================
2023-09-19 20:35:06 info: =================================
2023-09-19 20:35:06 info: ======= ENV: development =======
2023-09-19 20:35:06 info: 🚀 App listening on the port 5001
2023-09-19 20:35:06 info: =================================
2023-09-19 20:35:10 info: [0mDELETE /users/1 [32m200[0m 178.446 ms - 300[0m
2023-09-19 20:35:30 info: =================================
2023-09-19 20:35:30 info: ======= ENV: development =======
2023-09-19 20:35:30 info: 🚀 App listening on the port 5001
2023-09-19 20:35:30 info: =================================
2023-09-19 20:35:41 info: =================================
2023-09-19 20:35:41 info: ======= ENV: development =======
2023-09-19 20:35:41 info: 🚀 App listening on the port 5001
2023-09-19 20:35:41 info: =================================
2023-09-19 20:35:42 info: =================================
2023-09-19 20:35:42 info: ======= ENV: development =======
2023-09-19 20:35:42 info: 🚀 App listening on the port 5001
2023-09-19 20:35:42 info: =================================
2023-09-19 20:35:45 info: [0mDELETE /users/1 [32m200[0m 70.890 ms - 300[0m
2023-09-19 20:35:56 info: =================================
2023-09-19 20:35:56 info: ======= ENV: development =======
2023-09-19 20:35:56 info: 🚀 App listening on the port 5001
2023-09-19 20:35:56 info: =================================
2023-09-19 20:36:00 info: =================================
2023-09-19 20:36:00 info: ======= ENV: development =======
2023-09-19 20:36:00 info: 🚀 App listening on the port 5001
2023-09-19 20:36:00 info: =================================
2023-09-19 20:36:04 info: =================================
2023-09-19 20:36:04 info: ======= ENV: development =======
2023-09-19 20:36:04 info: 🚀 App listening on the port 5001
2023-09-19 20:36:04 info: =================================
2023-09-19 20:36:07 info: =================================
2023-09-19 20:36:07 info: ======= ENV: development =======
2023-09-19 20:36:07 info: 🚀 App listening on the port 5001
2023-09-19 20:36:07 info: =================================
2023-09-19 20:36:15 info: =================================
2023-09-19 20:36:15 info: ======= ENV: development =======
2023-09-19 20:36:15 info: 🚀 App listening on the port 5001
2023-09-19 20:36:15 info: =================================
2023-09-19 20:36:16 info: =================================
2023-09-19 20:36:16 info: ======= ENV: development =======
2023-09-19 20:36:16 info: 🚀 App listening on the port 5001
2023-09-19 20:36:16 info: =================================
2023-09-19 20:36:22 info: =================================
2023-09-19 20:36:22 info: ======= ENV: development =======
2023-09-19 20:36:22 info: 🚀 App listening on the port 5001
2023-09-19 20:36:22 info: =================================
2023-09-19 20:36:24 info: =================================
2023-09-19 20:36:24 info: ======= ENV: development =======
2023-09-19 20:36:24 info: 🚀 App listening on the port 5001
2023-09-19 20:36:24 info: =================================
2023-09-19 20:37:48 info: =================================
2023-09-19 20:37:48 info: ======= ENV: development =======
2023-09-19 20:37:48 info: 🚀 App listening on the port 5001
2023-09-19 20:37:48 info: =================================
2023-09-19 20:37:50 info: =================================
2023-09-19 20:37:50 info: ======= ENV: development =======
2023-09-19 20:37:50 info: 🚀 App listening on the port 5001
2023-09-19 20:37:50 info: =================================
2023-09-19 20:37:53 info: =================================
2023-09-19 20:37:53 info: ======= ENV: development =======
2023-09-19 20:37:53 info: 🚀 App listening on the port 5001
2023-09-19 20:37:53 info: =================================
2023-09-19 20:38:00 info: =================================
2023-09-19 20:38:00 info: ======= ENV: development =======
2023-09-19 20:38:00 info: 🚀 App listening on the port 5001
2023-09-19 20:38:00 info: =================================
2023-09-19 20:38:02 info: =================================
2023-09-19 20:38:02 info: ======= ENV: development =======
2023-09-19 20:38:02 info: 🚀 App listening on the port 5001
2023-09-19 20:38:02 info: =================================
2023-09-19 20:38:07 info: =================================
2023-09-19 20:38:07 info: ======= ENV: development =======
2023-09-19 20:38:07 info: 🚀 App listening on the port 5001
2023-09-19 20:38:07 info: =================================
2023-09-19 20:38:10 info: =================================
2023-09-19 20:38:10 info: ======= ENV: development =======
2023-09-19 20:38:10 info: 🚀 App listening on the port 5001
2023-09-19 20:38:10 info: =================================
2023-09-19 20:38:14 info: [0mDELETE /users/1 [32m200[0m 175.650 ms - 300[0m
2023-09-19 20:40:46 info: =================================
2023-09-19 20:40:46 info: ======= ENV: development =======
2023-09-19 20:40:46 info: 🚀 App listening on the port 5001
2023-09-19 20:40:46 info: =================================
2023-09-19 20:40:48 info: =================================
2023-09-19 20:40:48 info: ======= ENV: development =======
2023-09-19 20:40:48 info: 🚀 App listening on the port 5001
2023-09-19 20:40:48 info: =================================
2023-09-19 20:40:55 info: =================================
2023-09-19 20:40:55 info: ======= ENV: development =======
2023-09-19 20:40:55 info: 🚀 App listening on the port 5001
2023-09-19 20:40:55 info: =================================
2023-09-19 20:41:01 info: =================================
2023-09-19 20:41:01 info: ======= ENV: development =======
2023-09-19 20:41:01 info: 🚀 App listening on the port 5001
2023-09-19 20:41:01 info: =================================
2023-09-19 20:41:06 info: =================================
2023-09-19 20:41:06 info: ======= ENV: development =======
2023-09-19 20:41:06 info: 🚀 App listening on the port 5001
2023-09-19 20:41:06 info: =================================
2023-09-19 20:41:10 info: =================================
2023-09-19 20:41:10 info: ======= ENV: development =======
2023-09-19 20:41:10 info: 🚀 App listening on the port 5001
2023-09-19 20:41:10 info: =================================
2023-09-19 20:41:15 info: =================================
2023-09-19 20:41:15 info: ======= ENV: development =======
2023-09-19 20:41:15 info: 🚀 App listening on the port 5001
2023-09-19 20:41:15 info: =================================
2023-09-19 20:41:21 info: =================================
2023-09-19 20:41:21 info: ======= ENV: development =======
2023-09-19 20:41:21 info: 🚀 App listening on the port 5001
2023-09-19 20:41:21 info: =================================
2023-09-19 20:41:23 info: =================================
2023-09-19 20:41:23 info: ======= ENV: development =======
2023-09-19 20:41:23 info: 🚀 App listening on the port 5001
2023-09-19 20:41:23 info: =================================
2023-09-19 20:41:29 info: =================================
2023-09-19 20:41:29 info: ======= ENV: development =======
2023-09-19 20:41:29 info: 🚀 App listening on the port 5001
2023-09-19 20:41:29 info: =================================
2023-09-19 20:41:30 info: =================================
2023-09-19 20:41:30 info: ======= ENV: development =======
2023-09-19 20:41:30 info: 🚀 App listening on the port 5001
2023-09-19 20:41:30 info: =================================
2023-09-19 20:41:31 info: =================================
2023-09-19 20:41:31 info: ======= ENV: development =======
2023-09-19 20:41:31 info: 🚀 App listening on the port 5001
2023-09-19 20:41:31 info: =================================
2023-09-19 20:41:45 info: =================================
2023-09-19 20:41:45 info: ======= ENV: development =======
2023-09-19 20:41:45 info: 🚀 App listening on the port 5001
2023-09-19 20:41:45 info: =================================
2023-09-19 20:41:50 info: =================================
2023-09-19 20:41:50 info: ======= ENV: development =======
2023-09-19 20:41:50 info: 🚀 App listening on the port 5001
2023-09-19 20:41:50 info: =================================
2023-09-19 20:41:54 info: =================================
2023-09-19 20:41:54 info: ======= ENV: development =======
2023-09-19 20:41:54 info: 🚀 App listening on the port 5001
2023-09-19 20:41:54 info: =================================
2023-09-19 20:41:58 info: =================================
2023-09-19 20:41:58 info: ======= ENV: development =======
2023-09-19 20:41:58 info: 🚀 App listening on the port 5001
2023-09-19 20:41:58 info: =================================
2023-09-19 20:42:07 info: =================================
2023-09-19 20:42:07 info: ======= ENV: development =======
2023-09-19 20:42:07 info: 🚀 App listening on the port 5001
2023-09-19 20:42:07 info: =================================
2023-09-19 20:42:10 info: =================================
2023-09-19 20:42:10 info: ======= ENV: development =======
2023-09-19 20:42:10 info: 🚀 App listening on the port 5001
2023-09-19 20:42:10 info: =================================
2023-09-19 20:42:13 info: =================================
2023-09-19 20:42:13 info: ======= ENV: development =======
2023-09-19 20:42:13 info: 🚀 App listening on the port 5001
2023-09-19 20:42:13 info: =================================
2023-09-19 20:42:15 info: =================================
2023-09-19 20:42:15 info: ======= ENV: development =======
2023-09-19 20:42:15 info: 🚀 App listening on the port 5001
2023-09-19 20:42:15 info: =================================
2023-09-19 20:42:21 info: [0mDELETE /users/1 [32m200[0m 1194.419 ms - 300[0m
